2018-11-20T18:40:52+00:00 CRITICAL Uncaught Error: Call to undefined method WP_Comment::comment_author() in /var/www/html/wp-content/themes/tobi/comments.php:48
Stack trace:
#0 /var/www/html/wp-includes/comment-template.php(1472): require()
#1 /var/www/html/wp-content/themes/tobi/page-feedbacks.php(28): comments_template()
#2 /var/www/html/wp-includes/template-loader.php(74): include('/var/www/html/w...')
#3 /var/www/html/wp-blog-header.php(19): require_once('/var/www/html/w...')
#4 /var/www/html/index.php(17): require('/var/www/html/w...')
#5 {main}
  thrown в /var/www/html/wp-content/themes/tobi/comments.php на строке 48

2018-11-20T20:09:33+00:00 CRITICAL syntax error, unexpected 'comment_form' (T_STRING) в /var/www/html/wp-content/themes/tobi/comments.php на строке 90

2018-11-20T20:19:45+00:00 CRITICAL Uncaught ArgumentCountError: Too few arguments to function _x(), 1 passed in /var/www/html/wp-content/themes/tobi/comments.php on line 90 and at least 2 expected in /var/www/html/wp-includes/l10n.php:294
Stack trace:
#0 /var/www/html/wp-content/themes/tobi/comments.php(90): _x('\xD0\xA7\xD1\x82\xD0\xBE \xD0\xB2\xD1\x8B \xD1\x85\xD0...')
#1 /var/www/html/wp-includes/comment-template.php(1472): require('/var/www/html/w...')
#2 /var/www/html/wp-content/themes/tobi/page-feedbacks.php(28): comments_template()
#3 /var/www/html/wp-includes/template-loader.php(74): include('/var/www/html/w...')
#4 /var/www/html/wp-blog-header.php(19): require_once('/var/www/html/w...')
#5 /var/www/html/index.php(17): require('/var/www/html/w...')
#6 {main}
  thrown в /var/www/html/wp-includes/l10n.php на строке 294

2018-11-20T20:30:07+00:00 CRITICAL syntax error, unexpected 'function' (T_FUNCTION), expecting ',' or ')' в /var/www/html/wp-content/themes/tobi/comments.php на строке 103

