2018-11-14T17:25:10+00:00 CRITICAL Object of class WP_Error could not be converted to string в /var/www/html/wp-includes/formatting.php на строке 3795

2018-11-14T17:27:11+00:00 CRITICAL Object of class WP_Error could not be converted to string в /var/www/html/wp-includes/formatting.php на строке 3795

2018-11-14T17:27:47+00:00 CRITICAL Object of class WP_Error could not be converted to string в /var/www/html/wp-includes/formatting.php на строке 3795

2018-11-14T17:28:41+00:00 CRITICAL Object of class WP_Error could not be converted to string в /var/www/html/wp-includes/formatting.php на строке 3795

2018-11-14T17:29:33+00:00 CRITICAL Object of class WP_Error could not be converted to string в /var/www/html/wp-includes/formatting.php на строке 3795

2018-11-14T17:31:16+00:00 CRITICAL Object of class WP_Error could not be converted to string в /var/www/html/wp-includes/formatting.php на строке 3795

2018-11-14T18:03:08+00:00 CRITICAL Uncaught Error: Call to a member function get_post() on null in /var/www/html/wp-content/themes/tobi/index.php:100
Stack trace:
#0 /var/www/html/wp-includes/template-loader.php(74): include()
#1 /var/www/html/wp-blog-header.php(19): require_once('/var/www/html/w...')
#2 /var/www/html/index.php(17): require('/var/www/html/w...')
#3 {main}
  thrown в /var/www/html/wp-content/themes/tobi/index.php на строке 100

2018-11-14T18:05:13+00:00 CRITICAL Uncaught Error: Call to a member function the_post() on null in /var/www/html/wp-content/themes/tobi/index.php:100
Stack trace:
#0 /var/www/html/wp-includes/template-loader.php(74): include()
#1 /var/www/html/wp-blog-header.php(19): require_once('/var/www/html/w...')
#2 /var/www/html/index.php(17): require('/var/www/html/w...')
#3 {main}
  thrown в /var/www/html/wp-content/themes/tobi/index.php на строке 100

2018-11-14T18:05:32+00:00 CRITICAL Uncaught Error: Call to undefined method WP_Post::get_slug() in /var/www/html/wp-content/themes/tobi/index.php:105
Stack trace:
#0 /var/www/html/wp-includes/template-loader.php(74): include()
#1 /var/www/html/wp-blog-header.php(19): require_once('/var/www/html/w...')
#2 /var/www/html/index.php(17): require('/var/www/html/w...')
#3 {main}
  thrown в /var/www/html/wp-content/themes/tobi/index.php на строке 105

2018-11-14T18:06:37+00:00 CRITICAL Uncaught Error: Call to undefined method WP_Post::get_slug() in /var/www/html/wp-content/themes/tobi/index.php:106
Stack trace:
#0 /var/www/html/wp-includes/template-loader.php(74): include()
#1 /var/www/html/wp-blog-header.php(19): require_once('/var/www/html/w...')
#2 /var/www/html/index.php(17): require('/var/www/html/w...')
#3 {main}
  thrown в /var/www/html/wp-content/themes/tobi/index.php на строке 106

2018-11-14T18:07:06+00:00 CRITICAL Uncaught Error: Call to undefined method WP_Post::get_slug() in /var/www/html/wp-content/themes/tobi/index.php:106
Stack trace:
#0 /var/www/html/wp-includes/template-loader.php(74): include()
#1 /var/www/html/wp-blog-header.php(19): require_once('/var/www/html/w...')
#2 /var/www/html/index.php(17): require('/var/www/html/w...')
#3 {main}
  thrown в /var/www/html/wp-content/themes/tobi/index.php на строке 106

2018-11-14T18:07:32+00:00 CRITICAL Uncaught Error: Call to undefined method WP_Post::get_regular_price() in /var/www/html/wp-content/themes/tobi/index.php:102
Stack trace:
#0 /var/www/html/wp-includes/template-loader.php(74): include()
#1 /var/www/html/wp-blog-header.php(19): require_once('/var/www/html/w...')
#2 /var/www/html/index.php(17): require('/var/www/html/w...')
#3 {main}
  thrown в /var/www/html/wp-content/themes/tobi/index.php на строке 102

2018-11-14T18:08:47+00:00 CRITICAL Uncaught Error: Call to undefined method WP_Post::get_slug() in /var/www/html/wp-content/themes/tobi/index.php:107
Stack trace:
#0 /var/www/html/wp-includes/template-loader.php(74): include()
#1 /var/www/html/wp-blog-header.php(19): require_once('/var/www/html/w...')
#2 /var/www/html/index.php(17): require('/var/www/html/w...')
#3 {main}
  thrown в /var/www/html/wp-content/themes/tobi/index.php на строке 107

2018-11-14T18:11:47+00:00 CRITICAL Uncaught Error: Call to undefined method WP_Post::get_slug() in /var/www/html/wp-content/themes/tobi/index.php:103
Stack trace:
#0 /var/www/html/wp-includes/template-loader.php(74): include()
#1 /var/www/html/wp-blog-header.php(19): require_once('/var/www/html/w...')
#2 /var/www/html/index.php(17): require('/var/www/html/w...')
#3 {main}
  thrown в /var/www/html/wp-content/themes/tobi/index.php на строке 103

2018-11-14T18:12:10+00:00 CRITICAL Uncaught Error: Call to undefined method WP_Post::get_slug() in /var/www/html/wp-content/themes/tobi/index.php:107
Stack trace:
#0 /var/www/html/wp-includes/template-loader.php(74): include()
#1 /var/www/html/wp-blog-header.php(19): require_once('/var/www/html/w...')
#2 /var/www/html/index.php(17): require('/var/www/html/w...')
#3 {main}
  thrown в /var/www/html/wp-content/themes/tobi/index.php на строке 107

2018-11-14T19:36:10+00:00 CRITICAL syntax error, unexpected '" class="' (T_CONSTANT_ENCAPSED_STRING), expecting ',' or ';' в /var/www/html/wp-content/themes/tobi/index.php на строке 115

2018-11-14T20:02:27+00:00 CRITICAL syntax error, unexpected '<' в /var/www/html/wp-content/themes/tobi/index.php на строке 153

